<?xml version="1.0" encoding="UTF-8"?>
<testng-results ignored="0" total="2" passed="2" failed="0" skipped="0">
  <reporter-output>
  </reporter-output>
  <suite started-at="2023-07-17T15:12:57 IST" name="Parallel test suite" finished-at="2023-07-17T15:13:21 IST" duration-ms="23191">
    <groups>
    </groups>
    <test started-at="2023-07-17T15:12:57 IST" name="Regression Suite for Device 1" finished-at="2023-07-17T15:13:12 IST" duration-ms="14749">
      <class name="com.zensar.automation.framework.driver.MobileDriver">
        <test-method signature="test(java.lang.String,java.lang.String,java.lang.String,java.lang.String,int,java.lang.String,java.lang.String,java.lang.String,java.lang.String,java.lang.String,java.lang.String,int)[pri:0, instance:com.zensar.automation.framework.driver.MobileDriver@7fb4f2a9]" started-at="2023-07-17T15:12:57 IST" name="test" finished-at="2023-07-17T15:13:12 IST" duration-ms="14700" status="PASS">
          <params>
            <param index="0">
              <value>
                <![CDATA[098d5077472fcb0e48c81b6840d05cfbfaca1902]]>
              </value>
            </param>
            <param index="1">
              <value>
                <![CDATA[127.0.0.1]]>
              </value>
            </param>
            <param index="2">
              <value>
                <![CDATA[4723]]>
              </value>
            </param>
            <param index="3">
              <value>
                <![CDATA[16.1]]>
              </value>
            </param>
            <param index="4">
              <value>
                <![CDATA[0]]>
              </value>
            </param>
            <param index="5">
              <value>
                <![CDATA[Player895]]>
              </value>
            </param>
            <param index="6">
              <value>
                <![CDATA[True]]>
              </value>
            </param>
            <param index="7">
              <value>
                <![CDATA[iPhone13PROMAX]]>
              </value>
            </param>
            <param index="8">
              <value>
                <![CDATA[safari]]>
              </value>
            </param>
            <param index="9">
              <value>
                <![CDATA[iOS]]>
              </value>
            </param>
            <param index="10">
              <value>
                <![CDATA[WildCatch]]>
              </value>
            </param>
            <param index="11">
              <value>
                <![CDATA[1]]>
              </value>
            </param>
          </params>
          <reporter-output>
          </reporter-output>
        </test-method> <!-- test -->
        <test-method is-config="true" signature="closeBrowser()[pri:0, instance:com.zensar.automation.framework.driver.MobileDriver@7fb4f2a9]" started-at="2023-07-17T15:13:12 IST" name="closeBrowser" finished-at="2023-07-17T15:13:12 IST" duration-ms="14" status="PASS">
          <reporter-output>
          </reporter-output>
        </test-method> <!-- closeBrowser -->
        <test-method is-config="true" signature="afterSuite()[pri:0, instance:com.zensar.automation.framework.driver.MobileDriver@7fb4f2a9]" started-at="2023-07-17T15:13:21 IST" name="afterSuite" finished-at="2023-07-17T15:13:21 IST" duration-ms="1" status="PASS">
          <reporter-output>
          </reporter-output>
        </test-method> <!-- afterSuite -->
      </class> <!-- com.zensar.automation.framework.driver.MobileDriver -->
    </test> <!-- Regression Suite for Device 1 -->
    <test started-at="2023-07-17T15:12:57 IST" name="Regression Suite for Device 2" finished-at="2023-07-17T15:13:21 IST" duration-ms="23191">
      <class name="com.zensar.automation.framework.driver.MobileDriver">
        <test-method signature="test(java.lang.String,java.lang.String,java.lang.String,java.lang.String,int,java.lang.String,java.lang.String,java.lang.String,java.lang.String,java.lang.String,java.lang.String,int)[pri:0, instance:com.zensar.automation.framework.driver.MobileDriver@790da477]" started-at="2023-07-17T15:12:57 IST" name="test" finished-at="2023-07-17T15:13:21 IST" duration-ms="23158" status="PASS">
          <params>
            <param index="0">
              <value>
                <![CDATA[R5CT32TPARB]]>
              </value>
            </param>
            <param index="1">
              <value>
                <![CDATA[127.0.0.1]]>
              </value>
            </param>
            <param index="2">
              <value>
                <![CDATA[4723]]>
              </value>
            </param>
            <param index="3">
              <value>
                <![CDATA[8.0.0]]>
              </value>
            </param>
            <param index="4">
              <value>
                <![CDATA[0]]>
              </value>
            </param>
            <param index="5">
              <value>
                <![CDATA[user200]]>
              </value>
            </param>
            <param index="6">
              <value>
                <![CDATA[True]]>
              </value>
            </param>
            <param index="7">
              <value>
                <![CDATA[SamsungGalaxyS8Plus]]>
              </value>
            </param>
            <param index="8">
              <value>
                <![CDATA[chrome]]>
              </value>
            </param>
            <param index="9">
              <value>
                <![CDATA[Android]]>
              </value>
            </param>
            <param index="10">
              <value>
                <![CDATA[WildCatch]]>
              </value>
            </param>
            <param index="11">
              <value>
                <![CDATA[1]]>
              </value>
            </param>
          </params>
          <reporter-output>
          </reporter-output>
        </test-method> <!-- test -->
        <test-method is-config="true" signature="closeBrowser()[pri:0, instance:com.zensar.automation.framework.driver.MobileDriver@790da477]" started-at="2023-07-17T15:13:21 IST" name="closeBrowser" finished-at="2023-07-17T15:13:21 IST" duration-ms="2" status="PASS">
          <reporter-output>
          </reporter-output>
        </test-method> <!-- closeBrowser -->
      </class> <!-- com.zensar.automation.framework.driver.MobileDriver -->
    </test> <!-- Regression Suite for Device 2 -->
  </suite> <!-- Parallel test suite -->
</testng-results>
